app/build/outputs/logs/manifest-merger-debug-report.txt
-- Merging decision tree log ---
manifest
ADDED from src\main\AndroidManifest.xml:2:1-20:12
	package
		ADDED from src\main\AndroidManifest.xml:3:5-41
		INJECTED from src\main\AndroidManifest.xml
		INJECTED from src\main\AndroidManifest.xml
	android:versionName
		INJECTED from src\main\AndroidManifest.xml
		INJECTED from src\main\AndroidManifest.xml
	xmlns:android
		ADDED from src\main\AndroidManifest.xml:2:11-69
	android:versionCode
		INJECTED from src\main\AndroidManifest.xml
		INJECTED from src\main\AndroidManifest.xml
application
ADDED from src\main\AndroidManifest.xml:5:5-18:19
MERGED from [com.android.support:support-v4:25.2.0] AndroidManifest.xml:25:5-20
MERGED from [com.android.support:support-compat:25.2.0] AndroidManifest.xml:25:5-20
MERGED from [com.android.support:support-media-compat:25.2.0] AndroidManifest.xml:25:5-20
MERGED from [com.android.support:support-core-utils:25.2.0] AndroidManifest.xml:25:5-20
MERGED from [com.android.support:support-core-ui:25.2.0] AndroidManifest.xml:25:5-20
MERGED from [com.android.support:support-fragment:25.2.0] AndroidManifest.xml:25:5-20
MERGED from [com.android.support:appcompat-v7:25.2.0] AndroidManifest.xml:25:5-20
MERGED from [com.android.support:support-vector-drawable:25.2.0] AndroidManifest.xml:23:5-20
MERGED from [com.android.support:animated-vector-drawable:25.2.0] AndroidManifest.xml:22:5-20
MERGED from [com.android.support:design:25.0.1] AndroidManifest.xml:25:5-20
MERGED from [com.android.support:transition:25.0.1] AndroidManifest.xml:22:5-20
MERGED from [com.android.support:cardview-v7:25.2.0] AndroidManifest.xml:22:5-20
	android:label
		ADDED from src\main\AndroidManifest.xml:8:9-41
	android:supportsRtl
		ADDED from src\main\AndroidManifest.xml:9:9-35
	android:allowBackup
		ADDED from src\main\AndroidManifest.xml:6:9-35
	android:icon
		ADDED from src\main\AndroidManifest.xml:7:9-43
	android:theme
		ADDED from src\main\AndroidManifest.xml:10:9-40
activity#com.amiejais.nougatvoipapp.MainActivity
ADDED from src\main\AndroidManifest.xml:11:9-17:20
	android:name
		ADDED from src\main\AndroidManifest.xml:11:19-47
intent-filter#android.intent.action.MAIN+android.intent.category.LAUNCHER
ADDED from src\main\AndroidManifest.xml:12:13-16:29
action#android.intent.action.MAIN
ADDED from src\main\AndroidManifest.xml:13:17-69
	android:name
		ADDED from src\main\AndroidManifest.xml:13:25-66
category#android.intent.category.LAUNCHER
ADDED from src\main\AndroidManifest.xml:15:17-77
	android:name
		ADDED from src\main\AndroidManifest.xml:15:27-74
uses-sdk
INJECTED from src\main\AndroidManifest.xml reason: use-sdk injection requested
MERGED from [NougatVoipApp:android-ngn-stack:unspecified] AndroidManifest.xml:7:5-9:41
MERGED from [com.android.support:support-v4:25.2.0] AndroidManifest.xml:21:5-23:54
MERGED from [com.android.support:support-compat:25.2.0] AndroidManifest.xml:21:5-23:58
MERGED from [com.android.support:support-media-compat:25.2.0] AndroidManifest.xml:21:5-23:63
MERGED from [com.android.support:support-core-utils:25.2.0] AndroidManifest.xml:21:5-23:61
MERGED from [com.android.support:support-core-ui:25.2.0] AndroidManifest.xml:21:5-23:58
MERGED from [com.android.support:support-fragment:25.2.0] AndroidManifest.xml:21:5-23:60
MERGED from [com.android.support:appcompat-v7:25.2.0] AndroidManifest.xml:21:5-23:78
MERGED from [com.android.support:support-vector-drawable:25.2.0] AndroidManifest.xml:21:5-43
MERGED from [com.android.support:animated-vector-drawable:25.2.0] AndroidManifest.xml:20:5-44
MERGED from [com.android.support:design:25.0.1] AndroidManifest.xml:21:5-23:62
MERGED from [com.android.support:recyclerview-v7:25.2.0] AndroidManifest.xml:20:5-43
MERGED from [com.android.support:transition:25.0.1] AndroidManifest.xml:20:5-44
MERGED from [com.android.support:cardview-v7:25.2.0] AndroidManifest.xml:20:5-43
	tools:overrideLibrary
		ADDED from [com.android.support:support-v4:25.2.0] AndroidManifest.xml:23:9-51
	android:targetSdkVersion
		INJECTED from src\main\AndroidManifest.xml
		INJECTED from src\main\AndroidManifest.xml
	android:minSdkVersion
		INJECTED from src\main\AndroidManifest.xml
		INJECTED from src\main\AndroidManifest.xml
uses-permission#android.permission.INTERNET
ADDED from [NougatVoipApp:android-ngn-stack:unspecified] AndroidManifest.xml:11:5-67
	android:name
		ADDED from [NougatVoipApp:android-ngn-stack:unspecified] AndroidManifest.xml:11:22-64
uses-permission#android.permission.ACCESS_WIFI_STATE
ADDED from [NougatVoipApp:android-ngn-stack:unspecified] AndroidManifest.xml:12:5-76
	android:name
		ADDED from [NougatVoipApp:android-ngn-stack:unspecified] AndroidManifest.xml:12:22-73
uses-permission#android.permission.ACCESS_NETWORK_STATE
ADDED from [NougatVoipApp:android-ngn-stack:unspecified] AndroidManifest.xml:13:5-79
	android:name
		ADDED from [NougatVoipApp:android-ngn-stack:unspecified] AndroidManifest.xml:13:22-76
uses-permission#android.permission.CHANGE_WIFI_STATE
ADDED from [NougatVoipApp:android-ngn-stack:unspecified] AndroidManifest.xml:14:5-76
	android:name
		ADDED from [NougatVoipApp:android-ngn-stack:unspecified] AndroidManifest.xml:14:22-73
uses-permission#android.permission.CHANGE_NETWORK_STATE
ADDED from [NougatVoipApp:android-ngn-stack:unspecified] AndroidManifest.xml:15:5-79
	android:name
		ADDED from [NougatVoipApp:android-ngn-stack:unspecified] AndroidManifest.xml:15:22-76
uses-permission#android.permission.WRITE_EXTERNAL_STORAGE
ADDED from [NougatVoipApp:android-ngn-stack:unspecified] AndroidManifest.xml:16:5-81
	android:name
		ADDED from [NougatVoipApp:android-ngn-stack:unspecified] AndroidManifest.xml:16:22-78
uses-permission#android.permission.CAMERA
ADDED from [NougatVoipApp:android-ngn-stack:unspecified] AndroidManifest.xml:17:5-65
	android:name
		ADDED from [NougatVoipApp:android-ngn-stack:unspecified] AndroidManifest.xml:17:22-62
uses-permission#android.permission.WAKE_LOCK
ADDED from [NougatVoipApp:android-ngn-stack:unspecified] AndroidManifest.xml:18:5-68
	android:name
		ADDED from [NougatVoipApp:android-ngn-stack:unspecified] AndroidManifest.xml:18:22-65
uses-permission#android.permission.RECORD_AUDIO
ADDED from [NougatVoipApp:android-ngn-stack:unspecified] AndroidManifest.xml:19:5-71
	android:name
		ADDED from [NougatVoipApp:android-ngn-stack:unspecified] AndroidManifest.xml:19:22-68
uses-permission#android.permission.MODIFY_AUDIO_SETTINGS
ADDED from [NougatVoipApp:android-ngn-stack:unspecified] AndroidManifest.xml:20:5-80
	android:name
		ADDED from [NougatVoipApp:android-ngn-stack:unspecified] AndroidManifest.xml:20:22-77
uses-permission#android.permission.VIBRATE
ADDED from [NougatVoipApp:android-ngn-stack:unspecified] AndroidManifest.xml:21:5-66
	android:name
		ADDED from [NougatVoipApp:android-ngn-stack:unspecified] AndroidManifest.xml:21:22-63
uses-permission#android.permission.RECEIVE_BOOT_COMPLETED
ADDED from [NougatVoipApp:android-ngn-stack:unspecified] AndroidManifest.xml:22:5-81
	android:name
		ADDED from [NougatVoipApp:android-ngn-stack:unspecified] AndroidManifest.xml:22:22-78
uses-permission#android.permission.WRITE_SETTINGS
ADDED from [NougatVoipApp:android-ngn-stack:unspecified] AndroidManifest.xml:23:5-73
	android:name
		ADDED from [NougatVoipApp:android-ngn-stack:unspecified] AndroidManifest.xml:23:22-70
uses-permission#android.permission.DISABLE_KEYGUARD
ADDED from [NougatVoipApp:android-ngn-stack:unspecified] AndroidManifest.xml:24:5-75
	android:name
		ADDED from [NougatVoipApp:android-ngn-stack:unspecified] AndroidManifest.xml:24:22-72
uses-permission#android.permission.READ_CONTACTS
ADDED from [NougatVoipApp:android-ngn-stack:unspecified] AndroidManifest.xml:25:5-72
	android:name
		ADDED from [NougatVoipApp:android-ngn-stack:unspecified] AndroidManifest.xml:25:22-69
uses-permission#android.permission.WRITE_CONTACTS
ADDED from [NougatVoipApp:android-ngn-stack:unspecified] AndroidManifest.xml:26:5-73
	android:name
		ADDED from [NougatVoipApp:android-ngn-stack:unspecified] AndroidManifest.xml:26:22-70
uses-permission#android.permission.READ_PHONE_STATE
ADDED from [NougatVoipApp:android-ngn-stack:unspecified] AndroidManifest.xml:27:5-75
	android:name
		ADDED from [NougatVoipApp:android-ngn-stack:unspecified] AndroidManifest.xml:27:22-72
uses-permission#android.permission.PROCESS_OUTGOING_CALLS
ADDED from [NougatVoipApp:android-ngn-stack:unspecified] AndroidManifest.xml:28:5-81
	android:name
		ADDED from [NougatVoipApp:android-ngn-stack:unspecified] AndroidManifest.xml:28:22-78
uses-permission#android.permission.CALL_PHONE
ADDED from [NougatVoipApp:android-ngn-stack:unspecified] AndroidManifest.xml:29:5-69
	android:name
		ADDED from [NougatVoipApp:android-ngn-stack:unspecified] AndroidManifest.xml:29:22-66
uses-permission#android.permission.RAISED_THREAD_PRIORITY
ADDED from [NougatVoipApp:android-ngn-stack:unspecified] AndroidManifest.xml:30:5-81
	android:name
		ADDED from [NougatVoipApp:android-ngn-stack:unspecified] AndroidManifest.xml:30:22-78
uses-permission#android.permission.REQUEST_IGNORE_BATTERY_OPTIMIZATIONS
ADDED from [NougatVoipApp:android-ngn-stack:unspecified] AndroidManifest.xml:32:5-34:36
	android:required
		ADDED from [NougatVoipApp:android-ngn-stack:unspecified] AndroidManifest.xml:34:9-33
	android:name
		ADDED from [NougatVoipApp:android-ngn-stack:unspecified] AndroidManifest.xml:33:9-79
uses-feature#0x00020000
ADDED from [NougatVoipApp:android-ngn-stack:unspecified] AndroidManifest.xml:36:5-38:36
	android:glEsVersion
		ADDED from [NougatVoipApp:android-ngn-stack:unspecified] AndroidManifest.xml:37:9-41
	android:required
		ADDED from [NougatVoipApp:android-ngn-stack:unspecified] AndroidManifest.xml:38:9-33
uses-feature#android.hardware.camera
ADDED from [NougatVoipApp:android-ngn-stack:unspecified] AndroidManifest.xml:39:5-41:36
	android:required
		ADDED from [NougatVoipApp:android-ngn-stack:unspecified] AndroidManifest.xml:41:9-33
	android:name
		ADDED from [NougatVoipApp:android-ngn-stack:unspecified] AndroidManifest.xml:40:9-47
uses-feature#android.hardware.audio.low_latency
ADDED from [NougatVoipApp:android-ngn-stack:unspecified] AndroidManifest.xml:42:5-44:36
	android:required
		ADDED from [NougatVoipApp:android-ngn-stack:unspecified] AndroidManifest.xml:44:9-33
	android:name
		ADDED from [NougatVoipApp:android-ngn-stack:unspecified] AndroidManifest.xml:43:9-58